<?xml version="1.0" encoding="UTF-8"?>
<testsuite name="wal.internal.DiskStoreTest" tests="1" skipped="0" failures="0" errors="0" timestamp="2022-01-25T12:51:32" hostname="mbp" time="0.021">
  <properties/>
  <testcase name="read()" classname="wal.internal.DiskStoreTest" time="0.021"/>
  <system-out><![CDATA[File size is 69
Reading from 23
Reading from 46
]]></system-out>
  <system-err><![CDATA[]]></system-err>
</testsuite>
